[2025-08-13 00:20:28,201] botocore.hooks -DEBUG - Changing event name from creating-client-class.iot-data to creating-client-class.iot-data-plane
[2025-08-13 00:20:28,205] botocore.hooks -DEBUG - Changing event name from before-call.apigateway to before-call.api-gateway
[2025-08-13 00:20:28,206] botocore.hooks -DEBUG - Changing event name from request-created.machinelearning.Predict to request-created.machine-learning.Predict
[2025-08-13 00:20:28,208] botocore.hooks -DEBUG - Changing event name from before-parameter-build.autoscaling.CreateLaunchConfiguration to before-parameter-build.auto-scaling.CreateLaunchConfiguration
[2025-08-13 00:20:28,208] botocore.hooks -DEBUG - Changing event name from before-parameter-build.route53 to before-parameter-build.route-53
[2025-08-13 00:20:28,209] botocore.hooks -DEBUG - Changing event name from request-created.cloudsearchdomain.Search to request-created.cloudsearch-domain.Search
[2025-08-13 00:20:28,210] botocore.hooks -DEBUG - Changing event name from docs.*.autoscaling.CreateLaunchConfiguration.complete-section to docs.*.auto-scaling.CreateLaunchConfiguration.complete-section
[2025-08-13 00:20:28,214] botocore.hooks -DEBUG - Changing event name from before-parameter-build.logs.CreateExportTask to before-parameter-build.cloudwatch-logs.CreateExportTask
[2025-08-13 00:20:28,214] botocore.hooks -DEBUG - Changing event name from docs.*.logs.CreateExportTask.complete-section to docs.*.cloudwatch-logs.CreateExportTask.complete-section
[2025-08-13 00:20:28,215] botocore.hooks -DEBUG - Changing event name from before-parameter-build.cloudsearchdomain.Search to before-parameter-build.cloudsearch-domain.Search
[2025-08-13 00:20:28,215] botocore.hooks -DEBUG - Changing event name from docs.*.cloudsearchdomain.Search.complete-section to docs.*.cloudsearch-domain.Search.complete-section
[2025-08-13 00:20:28,670] botocore.loaders -DEBUG - Loading JSON file: C:\Users\saswati\miniconda3\Lib\site-packages\botocore\data\endpoints.json
[2025-08-13 00:20:28,707] botocore.loaders -DEBUG - Loading JSON file: C:\Users\saswati\miniconda3\Lib\site-packages\botocore\data\sdk-default-configuration.json
[2025-08-13 00:20:28,708] botocore.hooks -DEBUG - Event choose-service-name: calling handler <function handle_service_name_alias at 0x000001C67393F9C0>
[2025-08-13 00:20:29,404] botocore.loaders -DEBUG - Loading JSON file: C:\Users\saswati\miniconda3\Lib\site-packages\botocore\data\s3\2006-03-01\service-2.json.gz
[2025-08-13 00:20:29,418] botocore.loaders -DEBUG - Loading JSON file: C:\Users\saswati\miniconda3\Lib\site-packages\botocore\data\s3\2006-03-01\service-2.sdk-extras.json
[2025-08-13 00:20:29,557] botocore.loaders -DEBUG - Loading JSON file: C:\Users\saswati\miniconda3\Lib\site-packages\botocore\data\s3\2006-03-01\endpoint-rule-set-1.json.gz
[2025-08-13 00:20:29,584] botocore.loaders -DEBUG - Loading JSON file: C:\Users\saswati\miniconda3\Lib\site-packages\botocore\data\partitions.json
[2025-08-13 00:20:29,588] botocore.hooks -DEBUG - Event creating-client-class.s3: calling handler <function add_generate_presigned_post at 0x000001C67389C2C0>
[2025-08-13 00:20:29,588] botocore.hooks -DEBUG - Event creating-client-class.s3: calling handler <function lazy_call.<locals>._handler at 0x000001C66070F2E0>
[2025-08-13 00:20:29,734] botocore.hooks -DEBUG - Event creating-client-class.s3: calling handler <function add_generate_presigned_url at 0x000001C67389C040>
[2025-08-13 00:20:29,735] botocore.configprovider -DEBUG - Looking for endpoint for s3 via: environment_service
[2025-08-13 00:20:29,735] botocore.configprovider -DEBUG - Looking for endpoint for s3 via: environment_global
[2025-08-13 00:20:29,735] botocore.configprovider -DEBUG - Looking for endpoint for s3 via: config_service
[2025-08-13 00:20:29,736] botocore.configprovider -DEBUG - Looking for endpoint for s3 via: config_global
[2025-08-13 00:20:29,736] botocore.configprovider -DEBUG - No configured endpoint found.
[2025-08-13 00:20:29,739] botocore.endpoint -DEBUG - Setting s3 timeout as (60, 60)
[2025-08-13 00:20:29,788] botocore.loaders -DEBUG - Loading JSON file: C:\Users\saswati\miniconda3\Lib\site-packages\botocore\data\_retry.json
[2025-08-13 00:20:29,790] botocore.client -DEBUG - Registering retry handlers for service: s3
[2025-08-13 00:20:29,792] botocore.utils -DEBUG - Registering S3 region redirector handler
[2025-08-13 00:20:29,794] botocore.utils -DEBUG - Registering S3Express Identity Resolver
[2025-08-13 00:20:29,926] botocore.loaders -DEBUG - Loading JSON file: C:\Users\saswati\miniconda3\Lib\site-packages\boto3\data\s3\2006-03-01\resources-1.json
[2025-08-13 00:20:29,927] botocore.hooks -DEBUG - Event choose-service-name: calling handler <function handle_service_name_alias at 0x000001C67393F9C0>
[2025-08-13 00:20:29,929] botocore.hooks -DEBUG - Event creating-client-class.s3: calling handler <function add_generate_presigned_post at 0x000001C67389C2C0>
[2025-08-13 00:20:29,929] botocore.hooks -DEBUG - Event creating-client-class.s3: calling handler <function lazy_call.<locals>._handler at 0x000001C66070F2E0>
[2025-08-13 00:20:29,930] botocore.hooks -DEBUG - Event creating-client-class.s3: calling handler <function add_generate_presigned_url at 0x000001C67389C040>
[2025-08-13 00:20:29,930] botocore.configprovider -DEBUG - Looking for endpoint for s3 via: environment_service
[2025-08-13 00:20:29,931] botocore.configprovider -DEBUG - Looking for endpoint for s3 via: environment_global
[2025-08-13 00:20:29,931] botocore.configprovider -DEBUG - Looking for endpoint for s3 via: config_service
[2025-08-13 00:20:29,931] botocore.configprovider -DEBUG - Looking for endpoint for s3 via: config_global
[2025-08-13 00:20:29,931] botocore.configprovider -DEBUG - No configured endpoint found.
[2025-08-13 00:20:29,934] botocore.endpoint -DEBUG - Setting s3 timeout as (60, 60)
[2025-08-13 00:20:29,937] botocore.client -DEBUG - Registering retry handlers for service: s3
[2025-08-13 00:20:29,938] botocore.utils -DEBUG - Registering S3 region redirector handler
[2025-08-13 00:20:29,983] botocore.utils -DEBUG - Registering S3Express Identity Resolver
[2025-08-13 00:20:30,034] boto3.resources.factory -DEBUG - Loading s3:s3
[2025-08-13 00:20:30,076] root -INFO - Fetching Data from S3
[2025-08-13 00:20:30,078] botocore.hooks -DEBUG - Event before-parameter-build.s3.GetObject: calling handler <function sse_md5 at 0x000001C673954F40>
[2025-08-13 00:20:30,080] botocore.hooks -DEBUG - Event before-parameter-build.s3.GetObject: calling handler <function validate_bucket_name at 0x000001C673954EA0>
[2025-08-13 00:20:30,081] botocore.hooks -DEBUG - Event before-parameter-build.s3.GetObject: calling handler <function remove_bucket_from_url_paths_from_model at 0x000001C673957100>
[2025-08-13 00:20:30,081] botocore.hooks -DEBUG - Event before-parameter-build.s3.GetObject: calling handler <bound method S3RegionRedirectorv2.annotate_request_context of <botocore.utils.S3RegionRedirectorv2 object at 0x000001C674762900>>
[2025-08-13 00:20:30,082] botocore.hooks -DEBUG - Event before-parameter-build.s3.GetObject: calling handler <bound method ClientCreator._inject_s3_input_parameters of <botocore.client.ClientCreator object at 0x000001C673997CB0>>
[2025-08-13 00:20:30,083] botocore.hooks -DEBUG - Event before-parameter-build.s3.GetObject: calling handler <function generate_idempotent_uuid at 0x000001C673954CC0>
[2025-08-13 00:20:30,084] botocore.hooks -DEBUG - Event before-parameter-build.s3.GetObject: calling handler <function _handle_request_validation_mode_member at 0x000001C6739577E0>
[2025-08-13 00:20:30,084] botocore.hooks -DEBUG - Event before-endpoint-resolution.s3: calling handler <function customize_endpoint_resolver_builtins at 0x000001C6739572E0>
[2025-08-13 00:20:30,085] botocore.hooks -DEBUG - Event before-endpoint-resolution.s3: calling handler <bound method S3RegionRedirectorv2.redirect_from_cache of <botocore.utils.S3RegionRedirectorv2 object at 0x000001C674762900>>
[2025-08-13 00:20:30,086] botocore.regions -DEBUG - Calling endpoint provider with parameters: {'Bucket': 'mydataset11', 'Region': 'us-east-1', 'UseFIPS': False, 'UseDualStack': False, 'ForcePathStyle': False, 'Accelerate': False, 'UseGlobalEndpoint': True, 'Key': 'new_merged_dataset.csv', 'DisableMultiRegionAccessPoints': False, 'UseArnRegion': True}
[2025-08-13 00:20:30,088] botocore.regions -DEBUG - Endpoint provider result: https://mydataset11.s3.amazonaws.com
[2025-08-13 00:20:30,090] botocore.regions -DEBUG - Selecting from endpoint provider's list of auth schemes: "sigv4". User selected auth scheme is: "None"
[2025-08-13 00:20:30,091] botocore.regions -DEBUG - Selected auth type "v4" as "v4" with signing context params: {'region': 'us-east-1', 'signing_name': 's3', 'disableDoubleEncoding': True}
[2025-08-13 00:20:30,092] botocore.hooks -DEBUG - Event before-call.s3.GetObject: calling handler <function add_expect_header at 0x000001C673955260>
[2025-08-13 00:20:30,092] botocore.hooks -DEBUG - Event before-call.s3.GetObject: calling handler <bound method S3ExpressIdentityResolver.apply_signing_cache_key of <botocore.utils.S3ExpressIdentityResolver object at 0x000001C674762A50>>
[2025-08-13 00:20:30,093] botocore.hooks -DEBUG - Event before-call.s3.GetObject: calling handler <function add_recursion_detection_header at 0x000001C6739547C0>
[2025-08-13 00:20:30,094] botocore.hooks -DEBUG - Event before-call.s3.GetObject: calling handler <function inject_api_version_header_if_needed at 0x000001C6739567A0>
[2025-08-13 00:20:30,094] botocore.endpoint -DEBUG - Making request for OperationModel(name=GetObject) with params: {'url_path': '/new_merged_dataset.csv', 'query_string': {}, 'method': 'GET', 'headers': {'x-amz-checksum-mode': 'ENABLED', 'User-Agent': 'Boto3/1.40.6 md/Botocore#1.40.6 ua/2.1 os/windows#11 md/arch#amd64 lang/python#3.13.2 md/pyimpl#CPython m/Z,b,D cfg/retry-mode#legacy Botocore/1.40.6'}, 'body': b'', 'auth_path': '/mydataset11/new_merged_dataset.csv', 'url': 'https://mydataset11.s3.amazonaws.com/new_merged_dataset.csv', 'context': {'client_region': 'us-east-1', 'client_config': <botocore.config.Config object at 0x000001C674760830>, 'has_streaming_input': False, 'auth_type': 'v4', 'unsigned_payload': None, 'auth_options': ['aws.auth#sigv4'], 's3_redirect': {'redirected': False, 'bucket': 'mydataset11', 'params': {'Bucket': 'mydataset11', 'Key': 'new_merged_dataset.csv', 'ChecksumMode': 'ENABLED'}}, 'input_params': {'Bucket': 'mydataset11', 'Key': 'new_merged_dataset.csv'}, 'signing': {'region': 'us-east-1', 'signing_name': 's3', 'disableDoubleEncoding': True}, 'endpoint_properties': {'authSchemes': [{'disableDoubleEncoding': True, 'name': 'sigv4', 'signingName': 's3', 'signingRegion': 'us-east-1'}]}, 'checksum': {'response_algorithms': ['crc32', 'sha1', 'sha256']}}}
[2025-08-13 00:20:30,095] botocore.hooks -DEBUG - Event request-created.s3.GetObject: calling handler <bound method RequestSigner.handler of <botocore.signers.RequestSigner object at 0x000001C6747606E0>>
[2025-08-13 00:20:30,095] botocore.hooks -DEBUG - Event choose-signer.s3.GetObject: calling handler <bound method ClientCreator._default_s3_presign_to_sigv2 of <botocore.client.ClientCreator object at 0x000001C673997CB0>>
[2025-08-13 00:20:30,096] botocore.hooks -DEBUG - Event choose-signer.s3.GetObject: calling handler <function set_operation_specific_signer at 0x000001C673954A40>
[2025-08-13 00:20:30,096] botocore.hooks -DEBUG - Event before-sign.s3.GetObject: calling handler <function remove_arn_from_signing_path at 0x000001C673957240>
[2025-08-13 00:20:30,096] botocore.hooks -DEBUG - Event before-sign.s3.GetObject: calling handler <function _set_extra_headers_for_unsigned_request at 0x000001C673957880>
[2025-08-13 00:20:30,097] botocore.hooks -DEBUG - Event before-sign.s3.GetObject: calling handler <bound method S3ExpressIdentityResolver.resolve_s3express_identity of <botocore.utils.S3ExpressIdentityResolver object at 0x000001C674762A50>>
[2025-08-13 00:20:30,098] botocore.auth -DEBUG - Calculating signature using v4 auth.
[2025-08-13 00:20:30,101] botocore.auth -DEBUG - CanonicalRequest:
GET
/new_merged_dataset.csv

host:mydataset11.s3.amazonaws.com
x-amz-checksum-mode:ENABLED
x-amz-content-sha256:e3b0c44298fc1c149afbf4c8996fb92427ae41e4649b934ca495991b7852b855
x-amz-date:20250812T185030Z

host;x-amz-checksum-mode;x-amz-content-sha256;x-amz-date
e3b0c44298fc1c149afbf4c8996fb92427ae41e4649b934ca495991b7852b855
[2025-08-13 00:20:30,103] botocore.auth -DEBUG - StringToSign:
AWS4-HMAC-SHA256
20250812T185030Z
20250812/us-east-1/s3/aws4_request
18ab1f58d11103798d1da5028bfce492a270efe0bcb6531bbfdb102d0d649efe
[2025-08-13 00:20:30,104] botocore.auth -DEBUG - Signature:
254c49a873d56d7bbbdb8c35ddcb7220e28cd1b47ba1c1b711473458655c0eab
[2025-08-13 00:20:30,105] botocore.hooks -DEBUG - Event request-created.s3.GetObject: calling handler <bound method UserAgentString.rebuild_and_replace_user_agent_handler of <botocore.useragent.UserAgentString object at 0x000001C6747A8910>>
[2025-08-13 00:20:30,106] botocore.hooks -DEBUG - Event request-created.s3.GetObject: calling handler <function add_retry_headers at 0x000001C673957060>
[2025-08-13 00:20:30,107] botocore.endpoint -DEBUG - Sending http request: <AWSPreparedRequest stream_output=True, method=GET, url=https://mydataset11.s3.amazonaws.com/new_merged_dataset.csv, headers={'x-amz-checksum-mode': b'ENABLED', 'User-Agent': b'Boto3/1.40.6 md/Botocore#1.40.6 ua/2.1 os/windows#11 md/arch#amd64 lang/python#3.13.2 md/pyimpl#CPython m/Z,b,D cfg/retry-mode#legacy Botocore/1.40.6', 'X-Amz-Date': b'20250812T185030Z', 'X-Amz-Content-SHA256': b'e3b0c44298fc1c149afbf4c8996fb92427ae41e4649b934ca495991b7852b855', 'Authorization': b'AWS4-HMAC-SHA256 Credential=AKIARFRSLQ5DCMF6OL4E/20250812/us-east-1/s3/aws4_request, SignedHeaders=host;x-amz-checksum-mode;x-amz-content-sha256;x-amz-date, Signature=254c49a873d56d7bbbdb8c35ddcb7220e28cd1b47ba1c1b711473458655c0eab', 'amz-sdk-invocation-id': b'2cf2d6f9-5ce6-4ac5-9b0e-f88d1d245711', 'amz-sdk-request': b'attempt=1'}>
[2025-08-13 00:20:30,127] botocore.httpsession -DEBUG - Certificate path: C:\Users\saswati\miniconda3\Lib\site-packages\certifi\cacert.pem
[2025-08-13 00:20:30,128] urllib3.connectionpool -DEBUG - Starting new HTTPS connection (1): mydataset11.s3.amazonaws.com:443
[2025-08-13 00:20:31,557] urllib3.connectionpool -DEBUG - https://mydataset11.s3.amazonaws.com:443 "GET /new_merged_dataset.csv HTTP/1.1" 200 197911851
[2025-08-13 00:20:31,558] botocore.httpchecksum -DEBUG - Skipping checksum validation. Response did not contain one of the following algorithms: ['crc32', 'sha1', 'sha256'].
[2025-08-13 00:20:31,560] botocore.hooks -DEBUG - Event before-parse.s3.GetObject: calling handler <function _handle_200_error at 0x000001C673957600>
[2025-08-13 00:20:31,561] botocore.hooks -DEBUG - Event before-parse.s3.GetObject: calling handler <function handle_expires_header at 0x000001C673957420>
[2025-08-13 00:20:31,562] botocore.parsers -DEBUG - Response headers: {'x-amz-id-2': '8dWb/wv3Hd34S3lksdI4bCLMaT8i86Y7mp9u+Dj72IYMOgvIUGCQvoBl2CKM6YHfwfQY08TBKsg=', 'x-amz-request-id': 'FAF81K626RG2BPKE', 'Date': 'Tue, 12 Aug 2025 18:50:33 GMT', 'Last-Modified': 'Sun, 10 Aug 2025 10:36:48 GMT', 'ETag': '"db0fe4822a012d3dbd4c118963ecf933-12"', 'x-amz-checksum-crc64nvme': 'Jt09JcAwzLE=', 'x-amz-checksum-type': 'FULL_OBJECT', 'x-amz-server-side-encryption': 'AES256', 'Accept-Ranges': 'bytes', 'Content-Type': 'text/csv', 'Content-Length': '197911851', 'Server': 'AmazonS3'}
[2025-08-13 00:20:31,563] botocore.parsers -DEBUG - Response body:
<botocore.response.StreamingBody object at 0x000001C67482B130>
[2025-08-13 00:20:31,569] botocore.hooks -DEBUG - Event needs-retry.s3.GetObject: calling handler <function _update_status_code at 0x000001C673957740>
[2025-08-13 00:20:31,570] botocore.hooks -DEBUG - Event needs-retry.s3.GetObject: calling handler <botocore.retryhandler.RetryHandler object at 0x000001C6747627B0>
[2025-08-13 00:20:31,571] botocore.retryhandler -DEBUG - No retry needed.
[2025-08-13 00:20:31,571] botocore.hooks -DEBUG - Event needs-retry.s3.GetObject: calling handler <bound method S3RegionRedirectorv2.redirect_from_error of <botocore.utils.S3RegionRedirectorv2 object at 0x000001C674762900>>
[2025-08-13 00:20:31,572] root -INFO - Fetching Data DONE from S3
[2025-08-13 00:23:26,828] root -INFO -  Data fetched with len : 189951
