[2025-08-12 23:33:15,083] botocore.hooks -DEBUG - Changing event name from creating-client-class.iot-data to creating-client-class.iot-data-plane
[2025-08-12 23:33:15,086] botocore.hooks -DEBUG - Changing event name from before-call.apigateway to before-call.api-gateway
[2025-08-12 23:33:15,088] botocore.hooks -DEBUG - Changing event name from request-created.machinelearning.Predict to request-created.machine-learning.Predict
[2025-08-12 23:33:15,090] botocore.hooks -DEBUG - Changing event name from before-parameter-build.autoscaling.CreateLaunchConfiguration to before-parameter-build.auto-scaling.CreateLaunchConfiguration
[2025-08-12 23:33:15,091] botocore.hooks -DEBUG - Changing event name from before-parameter-build.route53 to before-parameter-build.route-53
[2025-08-12 23:33:15,093] botocore.hooks -DEBUG - Changing event name from request-created.cloudsearchdomain.Search to request-created.cloudsearch-domain.Search
[2025-08-12 23:33:15,094] botocore.hooks -DEBUG - Changing event name from docs.*.autoscaling.CreateLaunchConfiguration.complete-section to docs.*.auto-scaling.CreateLaunchConfiguration.complete-section
[2025-08-12 23:33:15,100] botocore.hooks -DEBUG - Changing event name from before-parameter-build.logs.CreateExportTask to before-parameter-build.cloudwatch-logs.CreateExportTask
[2025-08-12 23:33:15,101] botocore.hooks -DEBUG - Changing event name from docs.*.logs.CreateExportTask.complete-section to docs.*.cloudwatch-logs.CreateExportTask.complete-section
[2025-08-12 23:33:15,101] botocore.hooks -DEBUG - Changing event name from before-parameter-build.cloudsearchdomain.Search to before-parameter-build.cloudsearch-domain.Search
[2025-08-12 23:33:15,102] botocore.hooks -DEBUG - Changing event name from docs.*.cloudsearchdomain.Search.complete-section to docs.*.cloudsearch-domain.Search.complete-section
[2025-08-12 23:33:15,351] botocore.loaders -DEBUG - Loading JSON file: C:\Users\saswati\miniconda3\Lib\site-packages\botocore\data\endpoints.json
[2025-08-12 23:33:15,406] botocore.loaders -DEBUG - Loading JSON file: C:\Users\saswati\miniconda3\Lib\site-packages\botocore\data\sdk-default-configuration.json
[2025-08-12 23:33:15,407] botocore.hooks -DEBUG - Event choose-service-name: calling handler <function handle_service_name_alias at 0x0000026FBD3EFB00>
[2025-08-12 23:33:16,051] botocore.loaders -DEBUG - Loading JSON file: C:\Users\saswati\miniconda3\Lib\site-packages\botocore\data\s3\2006-03-01\service-2.json.gz
[2025-08-12 23:33:16,081] botocore.loaders -DEBUG - Loading JSON file: C:\Users\saswati\miniconda3\Lib\site-packages\botocore\data\s3\2006-03-01\service-2.sdk-extras.json
[2025-08-12 23:33:16,202] botocore.loaders -DEBUG - Loading JSON file: C:\Users\saswati\miniconda3\Lib\site-packages\botocore\data\s3\2006-03-01\endpoint-rule-set-1.json.gz
[2025-08-12 23:33:16,209] botocore.loaders -DEBUG - Loading JSON file: C:\Users\saswati\miniconda3\Lib\site-packages\botocore\data\partitions.json
[2025-08-12 23:33:16,211] botocore.hooks -DEBUG - Event creating-client-class.s3: calling handler <function add_generate_presigned_post at 0x0000026FBD350400>
[2025-08-12 23:33:16,212] botocore.hooks -DEBUG - Event creating-client-class.s3: calling handler <function lazy_call.<locals>._handler at 0x0000026FAA19D580>
[2025-08-12 23:33:16,384] botocore.hooks -DEBUG - Event creating-client-class.s3: calling handler <function add_generate_presigned_url at 0x0000026FBD350180>
[2025-08-12 23:33:16,387] botocore.configprovider -DEBUG - Looking for endpoint for s3 via: environment_service
[2025-08-12 23:33:16,388] botocore.configprovider -DEBUG - Looking for endpoint for s3 via: environment_global
[2025-08-12 23:33:16,390] botocore.configprovider -DEBUG - Looking for endpoint for s3 via: config_service
[2025-08-12 23:33:16,391] botocore.configprovider -DEBUG - Looking for endpoint for s3 via: config_global
[2025-08-12 23:33:16,392] botocore.configprovider -DEBUG - No configured endpoint found.
[2025-08-12 23:33:16,398] botocore.endpoint -DEBUG - Setting s3 timeout as (60, 60)
[2025-08-12 23:33:16,445] botocore.loaders -DEBUG - Loading JSON file: C:\Users\saswati\miniconda3\Lib\site-packages\botocore\data\_retry.json
[2025-08-12 23:33:16,449] botocore.client -DEBUG - Registering retry handlers for service: s3
[2025-08-12 23:33:16,453] botocore.utils -DEBUG - Registering S3 region redirector handler
[2025-08-12 23:33:16,456] botocore.utils -DEBUG - Registering S3Express Identity Resolver
[2025-08-12 23:33:16,668] botocore.loaders -DEBUG - Loading JSON file: C:\Users\saswati\miniconda3\Lib\site-packages\boto3\data\s3\2006-03-01\resources-1.json
[2025-08-12 23:33:16,671] botocore.hooks -DEBUG - Event choose-service-name: calling handler <function handle_service_name_alias at 0x0000026FBD3EFB00>
[2025-08-12 23:33:16,674] botocore.hooks -DEBUG - Event creating-client-class.s3: calling handler <function add_generate_presigned_post at 0x0000026FBD350400>
[2025-08-12 23:33:16,675] botocore.hooks -DEBUG - Event creating-client-class.s3: calling handler <function lazy_call.<locals>._handler at 0x0000026FAA19D580>
[2025-08-12 23:33:16,675] botocore.hooks -DEBUG - Event creating-client-class.s3: calling handler <function add_generate_presigned_url at 0x0000026FBD350180>
[2025-08-12 23:33:16,676] botocore.configprovider -DEBUG - Looking for endpoint for s3 via: environment_service
[2025-08-12 23:33:16,677] botocore.configprovider -DEBUG - Looking for endpoint for s3 via: environment_global
[2025-08-12 23:33:16,678] botocore.configprovider -DEBUG - Looking for endpoint for s3 via: config_service
[2025-08-12 23:33:16,678] botocore.configprovider -DEBUG - Looking for endpoint for s3 via: config_global
[2025-08-12 23:33:16,679] botocore.configprovider -DEBUG - No configured endpoint found.
[2025-08-12 23:33:16,684] botocore.endpoint -DEBUG - Setting s3 timeout as (60, 60)
[2025-08-12 23:33:16,694] botocore.client -DEBUG - Registering retry handlers for service: s3
[2025-08-12 23:33:16,696] botocore.utils -DEBUG - Registering S3 region redirector handler
[2025-08-12 23:33:16,697] botocore.utils -DEBUG - Registering S3Express Identity Resolver
[2025-08-12 23:33:16,699] boto3.resources.factory -DEBUG - Loading s3:s3
[2025-08-12 23:33:16,707] root -INFO - Fetching Data from S3
